2023-12-09 09:24:52.211 +03:30  INF  Now listening on: https://localhost:7280
2023-12-09 09:24:52.267 +03:30  INF  Now listening on: http://localhost:5274
2023-12-09 09:24:52.270 +03:30  INF  Application started. Press Ctrl+C to shut down.
2023-12-09 09:24:52.271 +03:30  INF  Hosting environment: Development
2023-12-09 09:24:52.273 +03:30  INF  Content root path: C:\Users\a.davoodkhani\Desktop\WebApi_Practice\EF_Core\EF_Core.WebApi
2023-12-09 09:24:54.566 +03:30  INF  Request starting HTTP/2 GET https://localhost:7280/swagger - -
2023-12-09 09:24:54.702 +03:30  INF  Request finished HTTP/2 GET https://localhost:7280/swagger - - - 301 0 - 140.2292ms
2023-12-09 09:24:54.758 +03:30  INF  Request starting HTTP/2 GET https://localhost:7280/swagger/index.html - -
2023-12-09 09:24:55.129 +03:30  INF  Request starting HTTP/2 GET https://localhost:7280/swagger/swagger-ui.css - -
2023-12-09 09:24:55.130 +03:30  INF  Request starting HTTP/2 GET https://localhost:7280/_framework/aspnetcore-browser-refresh.js - -
2023-12-09 09:24:55.130 +03:30  INF  Request starting HTTP/2 GET https://localhost:7280/swagger/swagger-ui-bundle.js - -
2023-12-09 09:24:55.130 +03:30  INF  Request starting HTTP/2 GET https://localhost:7280/swagger/swagger-ui-standalone-preset.js - -
2023-12-09 09:24:55.131 +03:30  INF  Request finished HTTP/2 GET https://localhost:7280/swagger/index.html - - - 200 - text/html;charset=utf-8 373.4765ms
2023-12-09 09:24:55.161 +03:30  INF  Request finished HTTP/2 GET https://localhost:7280/_framework/aspnetcore-browser-refresh.js - - - 200 12360 application/javascript;+charset=utf-8 30.5808ms
2023-12-09 09:24:55.183 +03:30  INF  Request starting HTTP/2 GET https://localhost:7280/_vs/browserLink - -
2023-12-09 09:24:55.209 +03:30  INF  Sending file. Request path: '/swagger-ui-standalone-preset.js'. Physical path: 'N/A'
2023-12-09 09:24:55.209 +03:30  INF  Sending file. Request path: '/swagger-ui.css'. Physical path: 'N/A'
2023-12-09 09:24:55.214 +03:30  INF  Request finished HTTP/2 GET https://localhost:7280/swagger/swagger-ui-standalone-preset.js - - - 200 312163 text/javascript 84.2172ms
2023-12-09 09:24:55.220 +03:30  INF  Request finished HTTP/2 GET https://localhost:7280/swagger/swagger-ui.css - - - 200 144929 text/css 90.6939ms
2023-12-09 09:24:55.251 +03:30  INF  Sending file. Request path: '/swagger-ui-bundle.js'. Physical path: 'N/A'
2023-12-09 09:24:55.253 +03:30  INF  Request finished HTTP/2 GET https://localhost:7280/swagger/swagger-ui-bundle.js - - - 200 1061536 text/javascript 123.1633ms
2023-12-09 09:24:55.269 +03:30  INF  Request finished HTTP/2 GET https://localhost:7280/_vs/browserLink - - - 200 - text/javascript;+charset=UTF-8 86.4501ms
2023-12-09 09:24:55.493 +03:30  INF  Request starting HTTP/2 GET https://localhost:7280/swagger/v1/swagger.json - -
2023-12-09 09:24:55.653 +03:30  INF  Request starting HTTP/2 GET https://localhost:7280/swagger/favicon-32x32.png - -
2023-12-09 09:24:55.662 +03:30  INF  Sending file. Request path: '/favicon-32x32.png'. Physical path: 'N/A'
2023-12-09 09:24:55.671 +03:30  INF  Request finished HTTP/2 GET https://localhost:7280/swagger/v1/swagger.json - - - 200 - application/json;charset=utf-8 178.7816ms
2023-12-09 09:24:55.672 +03:30  INF  Request finished HTTP/2 GET https://localhost:7280/swagger/favicon-32x32.png - - - 200 628 image/png 18.1641ms
2023-12-09 09:25:05.222 +03:30  INF  Request starting HTTP/2 POST https://localhost:7280/api/User application/json 53
2023-12-09 09:25:05.227 +03:30  INF  Executing endpoint 'EF_Core.WebApi.Controllers.UserController.PostUserAsync (EF_Core.WebApi)'
2023-12-09 09:25:05.257 +03:30  INF  Route matched with {action = "PostUser", controller = "User"}. Executing controller action with signature System.Threading.Tasks.ValueTask`1[EF_Core.WebApi.Models.User] PostUserAsync(EF_Core.WebApi.ViewModels.CreateUserViewModel) on controller EF_Core.WebApi.Controllers.UserController (EF_Core.WebApi).
2023-12-09 09:25:12.395 +03:30  INF  Executing action method EF_Core.WebApi.Controllers.UserController.PostUserAsync (EF_Core.WebApi) - Validation state: "Valid"
2023-12-09 09:25:12.599 +03:30  INF  Executed action method EF_Core.WebApi.Controllers.UserController.PostUserAsync (EF_Core.WebApi), returned result Microsoft.AspNetCore.Mvc.ObjectResult in 198.0504ms.
2023-12-09 09:25:12.606 +03:30  INF  Executing ObjectResult, writing value of type 'EF_Core.WebApi.Models.User'.
2023-12-09 09:25:12.617 +03:30  INF  Executed action EF_Core.WebApi.Controllers.UserController.PostUserAsync (EF_Core.WebApi) in 7354.781ms
2023-12-09 09:25:12.620 +03:30  INF  Executed endpoint 'EF_Core.WebApi.Controllers.UserController.PostUserAsync (EF_Core.WebApi)'
2023-12-09 09:25:12.621 +03:30  INF  Request finished HTTP/2 POST https://localhost:7280/api/User application/json 53 - 200 - application/json;+charset=utf-8 7402.7066ms
2023-12-09 10:42:33.932 +03:30  INF  Now listening on: https://localhost:7280
2023-12-09 10:42:33.963 +03:30  INF  Now listening on: http://localhost:5274
2023-12-09 10:42:33.966 +03:30  INF  Application started. Press Ctrl+C to shut down.
2023-12-09 10:42:33.967 +03:30  INF  Hosting environment: Development
2023-12-09 10:42:33.968 +03:30  INF  Content root path: C:\Users\a.davoodkhani\Desktop\WebApi_Practice\EF_Core\EF_Core.WebApi
2023-12-09 10:42:34.507 +03:30  INF  Request starting HTTP/2 GET https://localhost:7280/swagger/index.html - -
2023-12-09 10:42:34.763 +03:30  INF  Request starting HTTP/2 GET https://localhost:7280/_framework/aspnetcore-browser-refresh.js - -
2023-12-09 10:42:34.764 +03:30  INF  Request finished HTTP/2 GET https://localhost:7280/swagger/index.html - - - 200 - text/html;charset=utf-8 259.6439ms
2023-12-09 10:42:34.774 +03:30  INF  Request finished HTTP/2 GET https://localhost:7280/_framework/aspnetcore-browser-refresh.js - - - 200 12360 application/javascript;+charset=utf-8 11.6460ms
2023-12-09 10:42:34.884 +03:30  INF  Request starting HTTP/2 GET https://localhost:7280/_vs/browserLink - -
2023-12-09 10:42:34.935 +03:30  INF  Request finished HTTP/2 GET https://localhost:7280/_vs/browserLink - - - 200 - text/javascript;+charset=UTF-8 50.7381ms
2023-12-09 10:42:35.143 +03:30  INF  Request starting HTTP/2 GET https://localhost:7280/swagger/v1/swagger.json - -
2023-12-09 10:42:35.325 +03:30  INF  Request finished HTTP/2 GET https://localhost:7280/swagger/v1/swagger.json - - - 200 - application/json;charset=utf-8 182.0327ms
2023-12-09 10:42:39.557 +03:30  INF  Request starting HTTP/2 POST https://localhost:7280/api/User application/json 53
2023-12-09 10:42:39.563 +03:30  INF  Executing endpoint 'EF_Core.WebApi.Controllers.UserController.PostUserAsync (EF_Core.WebApi)'
2023-12-09 10:42:39.589 +03:30  INF  Route matched with {action = "PostUser", controller = "User"}. Executing controller action with signature System.Threading.Tasks.ValueTask`1[EF_Core.WebApi.Utilities.ApiResult`1[EF_Core.WebApi.Models.User]] PostUserAsync(EF_Core.WebApi.ViewModels.CreateUserViewModel) on controller EF_Core.WebApi.Controllers.UserController (EF_Core.WebApi).
2023-12-09 10:42:46.943 +03:30  INF  Executing action method EF_Core.WebApi.Controllers.UserController.PostUserAsync (EF_Core.WebApi) - Validation state: "Valid"
2023-12-09 10:42:47.244 +03:30  INF  Executed action method EF_Core.WebApi.Controllers.UserController.PostUserAsync (EF_Core.WebApi), returned result Microsoft.AspNetCore.Mvc.ObjectResult in 294.5428ms.
2023-12-09 10:42:47.254 +03:30  INF  Executing ObjectResult, writing value of type 'EF_Core.WebApi.Utilities.ApiResult`1[[EF_Core.WebApi.Models.User, EF_Core.WebApi, Version=1.0.0.0, Culture=neutral, PublicKeyToken=null]]'.
2023-12-09 10:42:47.275 +03:30  INF  Executed action EF_Core.WebApi.Controllers.UserController.PostUserAsync (EF_Core.WebApi) in 7676.2274ms
2023-12-09 10:42:47.277 +03:30  INF  Executed endpoint 'EF_Core.WebApi.Controllers.UserController.PostUserAsync (EF_Core.WebApi)'
2023-12-09 10:42:47.279 +03:30  INF  Request finished HTTP/2 POST https://localhost:7280/api/User application/json 53 - 200 - application/json;+charset=utf-8 7722.3636ms
