2023-11-05 11:04:23.758 +03:30  INF  Now listening on: https://localhost:7280
2023-11-05 11:04:23.792 +03:30  INF  Now listening on: http://localhost:5274
2023-11-05 11:04:23.794 +03:30  INF  Application started. Press Ctrl+C to shut down.
2023-11-05 11:04:23.795 +03:30  INF  Hosting environment: Development
2023-11-05 11:04:23.796 +03:30  INF  Content root path: C:\Users\a.davoodkhani\Desktop\New folder\WebApi_Practice\EF_Core\EF_Core.WebApi
2023-11-05 11:04:24.682 +03:30  INF  Request starting HTTP/2 GET https://localhost:7280/swagger/index.html - -
2023-11-05 11:04:24.979 +03:30  INF  Request finished HTTP/2 GET https://localhost:7280/swagger/index.html - - - 200 - text/html;charset=utf-8 301.1732ms
2023-11-05 11:04:24.992 +03:30  INF  Request starting HTTP/2 GET https://localhost:7280/_framework/aspnetcore-browser-refresh.js - -
2023-11-05 11:04:25.004 +03:30  INF  Request finished HTTP/2 GET https://localhost:7280/_framework/aspnetcore-browser-refresh.js - - - 200 11998 application/javascript;+charset=utf-8 11.4878ms
2023-11-05 11:04:25.026 +03:30  INF  Request starting HTTP/2 GET https://localhost:7280/_vs/browserLink - -
2023-11-05 11:04:25.103 +03:30  INF  Request finished HTTP/2 GET https://localhost:7280/_vs/browserLink - - - 200 - text/javascript;+charset=UTF-8 76.9080ms
2023-11-05 11:04:25.161 +03:30  INF  Request starting HTTP/2 GET https://localhost:7280/swagger/v1/swagger.json - -
2023-11-05 11:04:25.324 +03:30  INF  Request finished HTTP/2 GET https://localhost:7280/swagger/v1/swagger.json - - - 200 - application/json;charset=utf-8 163.2548ms
2023-11-05 11:04:30.317 +03:30  INF  Request starting HTTP/2 GET https://localhost:7280/api/User - -
2023-11-05 11:04:30.324 +03:30  INF  Executing endpoint 'EF_Core.WebApi.Controllers.UserController.GetUserAsync (EF_Core.WebApi)'
2023-11-05 11:04:30.348 +03:30  INF  Route matched with {action = "GetUser", controller = "User"}. Executing controller action with signature System.Threading.Tasks.ValueTask`1[EF_Core.WebApi.Models.User] GetUserAsync() on controller EF_Core.WebApi.Controllers.UserController (EF_Core.WebApi).
2023-11-05 11:04:49.906 +03:30  INF  Executed action EF_Core.WebApi.Controllers.UserController.GetUserAsync (EF_Core.WebApi) in 19552.1296ms
2023-11-05 11:04:49.915 +03:30  INF  Executed endpoint 'EF_Core.WebApi.Controllers.UserController.GetUserAsync (EF_Core.WebApi)'
2023-11-05 11:04:49.926 +03:30  ERR  An unhandled exception has occurred while executing the request.Microsoft.Data.SqlClient.SqlException (0x80131904): A network-related or instance-specific error occurred while establishing a connection to SQL Server. The server was not found or was not accessible. Verify that the instance name is correct and that SQL Server is configured to allow remote connections. (provider: SNI_PN11, error: 26 - Error Locating Server/Instance Specified)
   at Microsoft.Data.SqlClient.SqlInternalConnection.OnError(SqlException exception, Boolean breakConnection, Action`1 wrapCloseInAction)
   at Microsoft.Data.SqlClient.TdsParser.ThrowExceptionAndWarning(TdsParserStateObject stateObj, Boolean callerHasConnectionLock, Boolean asyncClose)
   at Microsoft.Data.SqlClient.TdsParser.Connect(ServerInfo serverInfo, SqlInternalConnectionTds connHandler, Boolean ignoreSniOpenTimeout, Int64 timerExpire, SqlConnectionString connectionOptions, Boolean withFailover)
   at Microsoft.Data.SqlClient.SqlInternalConnectionTds.AttemptOneLogin(ServerInfo serverInfo, String newPassword, SecureString newSecurePassword, Boolean ignoreSniOpenTimeout, TimeoutTimer timeout, Boolean withFailover)
   at Microsoft.Data.SqlClient.SqlInternalConnectionTds.LoginNoFailover(ServerInfo serverInfo, String newPassword, SecureString newSecurePassword, Boolean redirectedUserInstance, SqlConnectionString connectionOptions, SqlCredential credential, TimeoutTimer timeout)
   at Microsoft.Data.SqlClient.SqlInternalConnectionTds.OpenLoginEnlist(TimeoutTimer timeout, SqlConnectionString connectionOptions, SqlCredential credential, String newPassword, SecureString newSecurePassword, Boolean redirectedUserInstance)
   at Microsoft.Data.SqlClient.SqlInternalConnectionTds..ctor(DbConnectionPoolIdentity identity, SqlConnectionString connectionOptions, SqlCredential credential, Object providerInfo, String newPassword, SecureString newSecurePassword, Boolean redirectedUserInstance, SqlConnectionString userConnectionOptions, SessionData reconnectSessionData, Boolean applyTransientFaultHandling, String accessToken, DbConnectionPool pool)
   at Microsoft.Data.SqlClient.SqlConnectionFactory.CreateConnection(DbConnectionOptions options, DbConnectionPoolKey poolKey, Object poolGroupProviderInfo, DbConnectionPool pool, DbConnection owningConnection, DbConnectionOptions userOptions)
   at Microsoft.Data.ProviderBase.DbConnectionFactory.CreatePooledConnection(DbConnectionPool pool, DbConnection owningObject, DbConnectionOptions options, DbConnectionPoolKey poolKey, DbConnectionOptions userOptions)
   at Microsoft.Data.ProviderBase.DbConnectionPool.CreateObject(DbConnection owningObject, DbConnectionOptions userOptions, DbConnectionInternal oldConnection)
   at Microsoft.Data.ProviderBase.DbConnectionPool.UserCreateRequest(DbConnection owningObject, DbConnectionOptions userOptions, DbConnectionInternal oldConnection)
   at Microsoft.Data.ProviderBase.DbConnectionPool.TryGetConnection(DbConnection owningObject, UInt32 waitForMultipleObjectsTimeout, Boolean allowCreate, Boolean onlyOneCheckConnection, DbConnectionOptions userOptions, DbConnectionInternal& connection)
   at Microsoft.Data.ProviderBase.DbConnectionPool.TryGetConnection(DbConnection owningObject, TaskCompletionSource`1 retry, DbConnectionOptions userOptions, DbConnectionInternal& connection)
   at Microsoft.Data.ProviderBase.DbConnectionFactory.TryGetConnection(DbConnection owningConnection, TaskCompletionSource`1 retry, DbConnectionOptions userOptions, DbConnectionInternal oldConnection, DbConnectionInternal& connection)
   at Microsoft.Data.ProviderBase.DbConnectionInternal.TryOpenConnectionInternal(DbConnection outerConnection, DbConnectionFactory connectionFactory, TaskCompletionSource`1 retry, DbConnectionOptions userOptions)
   at Microsoft.Data.ProviderBase.DbConnectionClosed.TryOpenConnection(DbConnection outerConnection, DbConnectionFactory connectionFactory, TaskCompletionSource`1 retry, DbConnectionOptions userOptions)
   at Microsoft.Data.SqlClient.SqlConnection.TryOpen(TaskCompletionSource`1 retry, SqlConnectionOverrides overrides)
   at Microsoft.Data.SqlClient.SqlConnection.Open(SqlConnectionOverrides overrides)
   at Microsoft.EntityFrameworkCore.SqlServer.Storage.Internal.SqlServerConnection.OpenDbConnection(Boolean errorsExpected)
   at Microsoft.EntityFrameworkCore.Storage.RelationalConnection.OpenInternal(Boolean errorsExpected)
   at Microsoft.EntityFrameworkCore.Storage.RelationalConnection.Open(Boolean errorsExpected)
   at Microsoft.EntityFrameworkCore.SqlServer.Storage.Internal.SqlServerDatabaseCreator.<>c__DisplayClass18_0.<Exists>b__0(DateTime giveUp)
   at Microsoft.EntityFrameworkCore.ExecutionStrategyExtensions.<>c__DisplayClass12_0`2.<Execute>b__0(DbContext _, TState s)
   at Microsoft.EntityFrameworkCore.SqlServer.Storage.Internal.SqlServerExecutionStrategy.Execute[TState,TResult](TState state, Func`3 operation, Func`3 verifySucceeded)
   at Microsoft.EntityFrameworkCore.ExecutionStrategyExtensions.Execute[TState,TResult](IExecutionStrategy strategy, TState state, Func`2 operation, Func`2 verifySucceeded)
   at Microsoft.EntityFrameworkCore.SqlServer.Storage.Internal.SqlServerDatabaseCreator.Exists(Boolean retryOnNotExists)
   at Microsoft.EntityFrameworkCore.SqlServer.Storage.Internal.SqlServerDatabaseCreator.Exists()
   at Microsoft.EntityFrameworkCore.Storage.RelationalDatabaseCreator.EnsureDeleted()
   at Microsoft.EntityFrameworkCore.Infrastructure.DatabaseFacade.EnsureDeleted()
   at EF_Core.WebApi.Data.EF_CoreContext..ctor() in C:\Users\a.davoodkhani\Desktop\New folder\WebApi_Practice\EF_Core\EF_Core.WebApi\Data\EF_CoreContext.cs:line 12
   at EF_Core.WebApi.Controllers.UserController..ctor(ILogger`1 logger) in C:\Users\a.davoodkhani\Desktop\New folder\WebApi_Practice\EF_Core\EF_Core.WebApi\Controllers\UserController.cs:line 14
   at lambda_method9(Closure, IServiceProvider, Object[])
   at Microsoft.AspNetCore.Mvc.Controllers.ControllerFactoryProvider.<>c__DisplayClass6_0.<CreateControllerFactory>g__CreateController|0(ControllerContext controllerContext)
   at Microsoft.AspNetCore.Mvc.Infrastructure.ControllerActionInvoker.Next(State& next, Scope& scope, Object& state, Boolean& isCompleted)
   at Microsoft.AspNetCore.Mvc.Infrastructure.ControllerActionInvoker.InvokeInnerFilterAsync()
--- End of stack trace from previous location ---
   at Microsoft.AspNetCore.Mvc.Infrastructure.ResourceInvoker.<InvokeFilterPipelineAsync>g__Awaited|20_0(ResourceInvoker invoker, Task lastTask, State next, Scope scope, Object state, Boolean isCompleted)
   at Microsoft.AspNetCore.Mvc.Infrastructure.ResourceInvoker.<InvokeAsync>g__Logged|17_1(ResourceInvoker invoker)
   at Microsoft.AspNetCore.Mvc.Infrastructure.ResourceInvoker.<InvokeAsync>g__Logged|17_1(ResourceInvoker invoker)
   at Microsoft.AspNetCore.Routing.EndpointMiddleware.<Invoke>g__AwaitRequestTask|6_0(Endpoint endpoint, Task requestTask, ILogger logger)
   at Microsoft.AspNetCore.Authorization.AuthorizationMiddleware.Invoke(HttpContext context)
   at Swashbuckle.AspNetCore.SwaggerUI.SwaggerUIMiddleware.Invoke(HttpContext httpContext)
   at Swashbuckle.AspNetCore.Swagger.SwaggerMiddleware.Invoke(HttpContext httpContext, ISwaggerProvider swaggerProvider)
   at Microsoft.AspNetCore.Diagnostics.ExceptionHandlerMiddlewareImpl.<Invoke>g__Awaited|8_0(ExceptionHandlerMiddlewareImpl middleware, HttpContext context, Task task)
ClientConnectionId:00000000-0000-0000-0000-000000000000
Error Number:-1,State:0,Class:20

2023-11-05 11:04:49.973 +03:30  INF  Request finished HTTP/2 GET https://localhost:7280/api/User - - - 500 - application/json;+charset=utf-8 19655.9434ms
